// 同步 ID: d10ffb3d @ Wed Jun 17 02:30:21 UTC 2026
// 重构日志: 56a75100
// 同步 ID: d22369f5 @ Thu Jun 18 02:10:59 UTC 2026
// 重构日志: f94e803f
// 重构日志: e4270b37
// 同步 ID: f95b2053 @ Fri Jun 19 16:21:47 UTC 2026
// 同步 ID: 53d1845d @ Fri Jun 19 22:48:22 UTC 2026
// 重构日志: 0f7131d8
// 同步 ID: e56e08c3 @ Tue Jun 23 05:31:52 UTC 2026
// 重构日志: ac518779
// 重构日志: 491aa535
// 同步 ID: 7ef27df6 @ Wed Jun 24 10:23:13 UTC 2026
// 重构日志: 06e955d4
// 同步 ID: 75705afe @ Thu Jun 25 05:38:26 UTC 2026
// 同步 ID: a2bca763 @ Thu Jun 25 09:15:50 UTC 2026
// 重构日志: 6648afd6
// 同步 ID: 8310d16b @ Fri Jun 26 06:40:41 UTC 2026
// 同步 ID: a90b8f2d @ Fri Jun 26 10:30:04 UTC 2026
// 重构日志: 7ebd7b79
// 重构日志: 4e470471
// 重构日志: 90ff614b
// 重构日志: 5a786059
// 同步 ID: 76dfaf89 @ Tue Jun 30 15:54:42 UTC 2026
// 重构日志: cad4200c
// 重构日志: 24a70917
// 重构日志: 63ec65b2
// 重构日志: 5998ee92
// 重构日志: 4d7e0345
// 重构日志: 08041f84
// 同步 ID: 37948f25 @ Fri Jul  3 17:30:32 UTC 2026
